# JRE version: Java(TM) SE Runtime Environment (8.0_221-b11) (build 1.8.0_221-b11)
# Java VM: Java HotSpot(TM) 64-Bit Server VM (25.221-b11 mixed mode windows-amd64 compressed oops)
Heap:
 PSYoungGen      total 132608K, used 68020K [0x00000000f5580000, 0x00000000fff00000, 0x0000000100000000)
  eden space 93696K, 66% used [0x00000000f5580000,0x00000000f926e5d0,0x00000000fb100000)
  from space 38912K, 14% used [0x00000000fd900000,0x00000000fde7ed10,0x00000000fff00000)
  to   space 39936K, 0% used [0x00000000fb100000,0x00000000fb100000,0x00000000fd800000)
 ParOldGen       total 227840K, used 99133K [0x00000000e0000000, 0x00000000ede80000, 0x00000000f5580000)
  object space 227840K, 43% used [0x00000000e0000000,0x00000000e60cf550,0x00000000ede80000)
 Metaspace       used 77119K, capacity 81516K, committed 81664K, reserved 1120256K
  class space    used 10440K, capacity 11425K, committed 11520K, reserved 1048576K
GC Heap History (10 events):
Event: 30.170 GC heap before
{Heap before GC invocations=15 (full 3):
 PSYoungGen      total 150016K, used 141026K [0x00000000f5580000, 0x0000000100000000, 0x0000000100000000)
  eden space 125440K, 100% used [0x00000000f5580000,0x00000000fd000000,0x00000000fd000000)
  from space 24576K, 63% used [0x00000000fd000000,0x00000000fdf38bc0,0x00000000fe800000)
  to   space 24576K, 0% used [0x00000000fe800000,0x00000000fe800000,0x0000000100000000)
 ParOldGen       total 227840K, used 35823K [0x00000000e0000000, 0x00000000ede80000, 0x00000000f5580000)
  object space 227840K, 15% used [0x00000000e0000000,0x00000000e22fbe88,0x00000000ede80000)
 Metaspace       used 67706K, capacity 71120K, committed 71296K, reserved 1110016K
  class space    used 9435K, capacity 10293K, committed 10368K, reserved 1048576K
Event: 30.219 GC heap after
Heap after GC invocations=15 (full 3):
 PSYoungGen      total 140800K, used 24574K [0x00000000f5580000, 0x0000000100000000, 0x0000000100000000)
  eden space 116224K, 0% used [0x00000000f5580000,0x00000000f5580000,0x00000000fc700000)
  from space 24576K, 99% used [0x00000000fe800000,0x00000000fffff958,0x0000000100000000)
  to   space 29184K, 0% used [0x00000000fc700000,0x00000000fc700000,0x00000000fe380000)
 ParOldGen       total 227840K, used 40692K [0x00000000e0000000, 0x00000000ede80000, 0x00000000f5580000)
  object space 227840K, 17% used [0x00000000e0000000,0x00000000e27bd078,0x00000000ede80000)
 Metaspace       used 67706K, capacity 71120K, committed 71296K, reserved 1110016K
  class space    used 9435K, capacity 10293K, committed 10368K, reserved 1048576K
}
Event: 33.322 GC heap before
{Heap before GC invocations=16 (full 3):
 PSYoungGen      total 140800K, used 140798K [0x00000000f5580000, 0x0000000100000000, 0x0000000100000000)
  eden space 116224K, 100% used [0x00000000f5580000,0x00000000fc700000,0x00000000fc700000)
  from space 24576K, 99% used [0x00000000fe800000,0x00000000fffff958,0x0000000100000000)
  to   space 29184K, 0% used [0x00000000fc700000,0x00000000fc700000,0x00000000fe380000)
 ParOldGen       total 227840K, used 40692K [0x00000000e0000000, 0x00000000ede80000, 0x00000000f5580000)
  object space 227840K, 17% used [0x00000000e0000000,0x00000000e27bd078,0x00000000ede80000)
 Metaspace       used 69609K, capacity 73358K, committed 73600K, reserved 1112064K
  class space    used 9699K, capacity 10608K, committed 10624K, reserved 1048576K
Event: 33.384 GC heap after
Heap after GC invocations=16 (full 3):
 PSYoungGen      total 145408K, used 29169K [0x00000000f5580000, 0x0000000100000000, 0x0000000100000000)
  eden space 116224K, 0% used [0x00000000f5580000,0x00000000f5580000,0x00000000fc700000)
  from space 29184K, 99% used [0x00000000fc700000,0x00000000fe37c6c0,0x00000000fe380000)
  to   space 29184K, 0% used [0x00000000fe380000,0x00000000fe380000,0x0000000100000000)
 ParOldGen       total 227840K, used 57022K [0x00000000e0000000, 0x00000000ede80000, 0x00000000f5580000)
  object space 227840K, 25% used [0x00000000e0000000,0x00000000e37afae0,0x00000000ede80000)
 Metaspace       used 69609K, capacity 73358K, committed 73600K, reserved 1112064K
  class space    used 9699K, capacity 10608K, committed 10624K, reserved 1048576K
}
Event: 36.388 GC heap before
{Heap before GC invocations=17 (full 3):
 PSYoungGen      total 145408K, used 145393K [0x00000000f5580000, 0x0000000100000000, 0x0000000100000000)
  eden space 116224K, 100% used [0x00000000f5580000,0x00000000fc700000,0x00000000fc700000)
  from space 29184K, 99% used [0x00000000fc700000,0x00000000fe37c6c0,0x00000000fe380000)
  to   space 29184K, 0% used [0x00000000fe380000,0x00000000fe380000,0x0000000100000000)
 ParOldGen       total 227840K, used 57022K [0x00000000e0000000, 0x00000000ede80000, 0x00000000f5580000)
  object space 227840K, 25% used [0x00000000e0000000,0x00000000e37afae0,0x00000000ede80000)
 Metaspace       used 71106K, capacity 75046K, committed 75136K, reserved 1114112K
  class space    used 9893K, capacity 10840K, committed 10880K, reserved 1048576K
Event: 36.438 GC heap after
Heap after GC invocations=17 (full 3):
 PSYoungGen      total 121856K, used 29051K [0x00000000f5580000, 0x0000000100000000, 0x0000000100000000)
  eden space 92672K, 0% used [0x00000000f5580000,0x00000000f5580000,0x00000000fb000000)
  from space 29184K, 99% used [0x00000000fe380000,0x00000000fffdeda8,0x0000000100000000)
  to   space 40960K, 0% used [0x00000000fb000000,0x00000000fb000000,0x00000000fd800000)
 ParOldGen       total 227840K, used 64914K [0x00000000e0000000, 0x00000000ede80000, 0x00000000f5580000)
  object space 227840K, 28% used [0x00000000e0000000,0x00000000e3f64948,0x00000000ede80000)
 Metaspace       used 71106K, capacity 75046K, committed 75136K, reserved 1114112K
  class space    used 9893K, capacity 10840K, committed 10880K, reserved 1048576K
}
Event: 38.193 GC heap before
{Heap before GC invocations=18 (full 3):
 PSYoungGen      total 121856K, used 121723K [0x00000000f5580000, 0x0000000100000000, 0x0000000100000000)
  eden space 92672K, 100% used [0x00000000f5580000,0x00000000fb000000,0x00000000fb000000)
  from space 29184K, 99% used [0x00000000fe380000,0x00000000fffdeda8,0x0000000100000000)
  to   space 40960K, 0% used [0x00000000fb000000,0x00000000fb000000,0x00000000fd800000)
 ParOldGen       total 227840K, used 64914K [0x00000000e0000000, 0x00000000ede80000, 0x00000000f5580000)
  object space 227840K, 28% used [0x00000000e0000000,0x00000000e3f64948,0x00000000ede80000)
 Metaspace       used 71623K, capacity 75958K, committed 76032K, reserved 1114112K
  class space    used 9947K, capacity 10942K, committed 11008K, reserved 1048576K
Event: 38.243 GC heap after
Heap after GC invocations=18 (full 3):
 PSYoungGen      total 133632K, used 14211K [0x00000000f5580000, 0x0000000100000000, 0x0000000100000000)
  eden space 92672K, 0% used [0x00000000f5580000,0x00000000f5580000,0x00000000fb000000)
  from space 40960K, 34% used [0x00000000fb000000,0x00000000fbde0d48,0x00000000fd800000)
  to   space 39936K, 0% used [0x00000000fd900000,0x00000000fd900000,0x0000000100000000)
 ParOldGen       total 227840K, used 85709K [0x00000000e0000000, 0x00000000ede80000, 0x00000000f5580000)
  object space 227840K, 37% used [0x00000000e0000000,0x00000000e53b37d0,0x00000000ede80000)
 Metaspace       used 71623K, capacity 75958K, committed 76032K, reserved 1114112K
  class space    used 9947K, capacity 10942K, committed 11008K, reserved 1048576K
}
Event: 39.672 GC heap before
{Heap before GC invocations=19 (full 3):
 PSYoungGen      total 133632K, used 106883K [0x00000000f5580000, 0x0000000100000000, 0x0000000100000000)
  eden space 92672K, 100% used [0x00000000f5580000,0x00000000fb000000,0x00000000fb000000)
  from space 40960K, 34% used [0x00000000fb000000,0x00000000fbde0d48,0x00000000fd800000)
  to   space 39936K, 0% used [0x00000000fd900000,0x00000000fd900000,0x0000000100000000)
 ParOldGen       total 227840K, used 85709K [0x00000000e0000000, 0x00000000ede80000, 0x00000000f5580000)
  object space 227840K, 37% used [0x00000000e0000000,0x00000000e53b37d0,0x00000000ede80000)
 Metaspace       used 71892K, capacity 76208K, committed 76288K, reserved 1114112K
  class space    used 9976K, capacity 10963K, committed 11008K, reserved 1048576K
Event: 39.711 GC heap after
Heap after GC invocations=19 (full 3):
 PSYoungGen      total 132608K, used 5627K [0x00000000f5580000, 0x00000000fff00000, 0x0000000100000000)
  eden space 93696K, 0% used [0x00000000f5580000,0x00000000f5580000,0x00000000fb100000)
  from space 38912K, 14% used [0x00000000fd900000,0x00000000fde7ed10,0x00000000fff00000)
  to   space 39936K, 0% used [0x00000000fb100000,0x00000000fb100000,0x00000000fd800000)
 ParOldGen       total 227840K, used 99133K [0x00000000e0000000, 0x00000000ede80000, 0x00000000f5580000)
  object space 227840K, 43% used [0x00000000e0000000,0x00000000e60cf550,0x00000000ede80000)
 Metaspace       used 71892K, capacity 76208K, committed 76288K, reserved 1114112K
  class space    used 9976K, capacity 10963K, committed 11008K, reserved 1048576K
}

