# JRE version: Java(TM) SE Runtime Environment (8.0_221-b11) (build 1.8.0_221-b11)
# Java VM: Java HotSpot(TM) 64-Bit Server VM (25.221-b11 mixed mode windows-amd64 compressed oops)
Heap:
 PSYoungGen      total 150528K, used 10352K [0x00000000f5580000, 0x0000000100000000, 0x0000000100000000)
  eden space 135168K, 0% used [0x00000000f5580000,0x00000000f5580000,0x00000000fd980000)
  from space 15360K, 67% used [0x00000000fe800000,0x00000000ff21c2b8,0x00000000ff700000)
  to   space 14848K, 0% used [0x00000000fd980000,0x00000000fd980000,0x00000000fe800000)
 ParOldGen       total 175104K, used 13610K [0x00000000e0000000, 0x00000000eab00000, 0x00000000f5580000)
  object space 175104K, 7% used [0x00000000e0000000,0x00000000e0d4ab40,0x00000000eab00000)
 Metaspace       used 34575K, capacity 35432K, committed 35496K, reserved 1079296K
  class space    used 4847K, capacity 5109K, committed 5120K, reserved 1048576K
GC Heap History (10 events):
Event: 6.799 GC heap after
Heap after GC invocations=3 (full 0):
 PSYoungGen      total 76288K, used 10737K [0x00000000f5580000, 0x00000000fea80000, 0x0000000100000000)
  eden space 65536K, 0% used [0x00000000f5580000,0x00000000f5580000,0x00000000f9580000)
  from space 10752K, 99% used [0x00000000f9580000,0x00000000f9ffc4c0,0x00000000fa000000)
  to   space 10752K, 0% used [0x00000000fe000000,0x00000000fe000000,0x00000000fea80000)
 ParOldGen       total 175104K, used 1883K [0x00000000e0000000, 0x00000000eab00000, 0x00000000f5580000)
  object space 175104K, 1% used [0x00000000e0000000,0x00000000e01d6f40,0x00000000eab00000)
 Metaspace       used 20658K, capacity 21076K, committed 21296K, reserved 1067008K
  class space    used 3004K, capacity 3140K, committed 3200K, reserved 1048576K
}
Event: 6.799 GC heap before
{Heap before GC invocations=4 (full 1):
 PSYoungGen      total 76288K, used 10737K [0x00000000f5580000, 0x00000000fea80000, 0x0000000100000000)
  eden space 65536K, 0% used [0x00000000f5580000,0x00000000f5580000,0x00000000f9580000)
  from space 10752K, 99% used [0x00000000f9580000,0x00000000f9ffc4c0,0x00000000fa000000)
  to   space 10752K, 0% used [0x00000000fe000000,0x00000000fe000000,0x00000000fea80000)
 ParOldGen       total 175104K, used 1883K [0x00000000e0000000, 0x00000000eab00000, 0x00000000f5580000)
  object space 175104K, 1% used [0x00000000e0000000,0x00000000e01d6f40,0x00000000eab00000)
 Metaspace       used 20658K, capacity 21076K, committed 21296K, reserved 1067008K
  class space    used 3004K, capacity 3140K, committed 3200K, reserved 1048576K
Event: 6.891 GC heap after
Heap after GC invocations=4 (full 1):
 PSYoungGen      total 76288K, used 0K [0x00000000f5580000, 0x00000000fea80000, 0x0000000100000000)
  eden space 65536K, 0% used [0x00000000f5580000,0x00000000f5580000,0x00000000f9580000)
  from space 10752K, 0% used [0x00000000f9580000,0x00000000f9580000,0x00000000fa000000)
  to   space 10752K, 0% used [0x00000000fe000000,0x00000000fe000000,0x00000000fea80000)
 ParOldGen       total 175104K, used 12232K [0x00000000e0000000, 0x00000000eab00000, 0x00000000f5580000)
  object space 175104K, 6% used [0x00000000e0000000,0x00000000e0bf2038,0x00000000eab00000)
 Metaspace       used 20658K, capacity 21076K, committed 21296K, reserved 1067008K
  class space    used 3004K, capacity 3140K, committed 3200K, reserved 1048576K
}
Event: 14.058 GC heap before
{Heap before GC invocations=5 (full 1):
 PSYoungGen      total 76288K, used 65536K [0x00000000f5580000, 0x00000000fea80000, 0x0000000100000000)
  eden space 65536K, 100% used [0x00000000f5580000,0x00000000f9580000,0x00000000f9580000)
  from space 10752K, 0% used [0x00000000f9580000,0x00000000f9580000,0x00000000fa000000)
  to   space 10752K, 0% used [0x00000000fe000000,0x00000000fe000000,0x00000000fea80000)
 ParOldGen       total 175104K, used 12232K [0x00000000e0000000, 0x00000000eab00000, 0x00000000f5580000)
  object space 175104K, 6% used [0x00000000e0000000,0x00000000e0bf2038,0x00000000eab00000)
 Metaspace       used 27528K, capacity 28078K, committed 28416K, reserved 1073152K
  class space    used 3818K, capacity 4019K, committed 4096K, reserved 1048576K
Event: 14.087 GC heap after
Heap after GC invocations=5 (full 1):
 PSYoungGen      total 101376K, used 7886K [0x00000000f5580000, 0x00000000fe800000, 0x0000000100000000)
  eden space 93184K, 0% used [0x00000000f5580000,0x00000000f5580000,0x00000000fb080000)
  from space 8192K, 96% used [0x00000000fe000000,0x00000000fe7b3b58,0x00000000fe800000)
  to   space 10752K, 0% used [0x00000000fd300000,0x00000000fd300000,0x00000000fdd80000)
 ParOldGen       total 175104K, used 12240K [0x00000000e0000000, 0x00000000eab00000, 0x00000000f5580000)
  object space 175104K, 6% used [0x00000000e0000000,0x00000000e0bf4038,0x00000000eab00000)
 Metaspace       used 27528K, capacity 28078K, committed 28416K, reserved 1073152K
  class space    used 3818K, capacity 4019K, committed 4096K, reserved 1048576K
}
Event: 16.176 GC heap before
{Heap before GC invocations=6 (full 1):
 PSYoungGen      total 101376K, used 101070K [0x00000000f5580000, 0x00000000fe800000, 0x0000000100000000)
  eden space 93184K, 100% used [0x00000000f5580000,0x00000000fb080000,0x00000000fb080000)
  from space 8192K, 96% used [0x00000000fe000000,0x00000000fe7b3b58,0x00000000fe800000)
  to   space 10752K, 0% used [0x00000000fd300000,0x00000000fd300000,0x00000000fdd80000)
 ParOldGen       total 175104K, used 12240K [0x00000000e0000000, 0x00000000eab00000, 0x00000000f5580000)
  object space 175104K, 6% used [0x00000000e0000000,0x00000000e0bf4038,0x00000000eab00000)
 Metaspace       used 32732K, capacity 33416K, committed 33792K, reserved 1079296K
  class space    used 4605K, capacity 4853K, committed 4864K, reserved 1048576K
Event: 16.205 GC heap after
Heap after GC invocations=6 (full 1):
 PSYoungGen      total 139264K, used 10731K [0x00000000f5580000, 0x00000000ff700000, 0x0000000100000000)
  eden space 128512K, 0% used [0x00000000f5580000,0x00000000f5580000,0x00000000fd300000)
  from space 10752K, 99% used [0x00000000fd300000,0x00000000fdd7adf8,0x00000000fdd80000)
  to   space 15360K, 0% used [0x00000000fe800000,0x00000000fe800000,0x00000000ff700000)
 ParOldGen       total 175104K, used 13602K [0x00000000e0000000, 0x00000000eab00000, 0x00000000f5580000)
  object space 175104K, 7% used [0x00000000e0000000,0x00000000e0d48b40,0x00000000eab00000)
 Metaspace       used 32732K, capacity 33416K, committed 33792K, reserved 1079296K
  class space    used 4605K, capacity 4853K, committed 4864K, reserved 1048576K
}
Event: 16.921 GC heap before
{Heap before GC invocations=7 (full 1):
 PSYoungGen      total 139264K, used 41864K [0x00000000f5580000, 0x00000000ff700000, 0x0000000100000000)
  eden space 128512K, 24% used [0x00000000f5580000,0x00000000f73e7580,0x00000000fd300000)
  from space 10752K, 99% used [0x00000000fd300000,0x00000000fdd7adf8,0x00000000fdd80000)
  to   space 15360K, 0% used [0x00000000fe800000,0x00000000fe800000,0x00000000ff700000)
 ParOldGen       total 175104K, used 13602K [0x00000000e0000000, 0x00000000eab00000, 0x00000000f5580000)
  object space 175104K, 7% used [0x00000000e0000000,0x00000000e0d48b40,0x00000000eab00000)
 Metaspace       used 34575K, capacity 35432K, committed 35496K, reserved 1079296K
  class space    used 4847K, capacity 5109K, committed 5120K, reserved 1048576K
Event: 16.941 GC heap after
Heap after GC invocations=7 (full 1):
 PSYoungGen      total 150528K, used 10352K [0x00000000f5580000, 0x0000000100000000, 0x0000000100000000)
  eden space 135168K, 0% used [0x00000000f5580000,0x00000000f5580000,0x00000000fd980000)
  from space 15360K, 67% used [0x00000000fe800000,0x00000000ff21c2b8,0x00000000ff700000)
  to   space 14848K, 0% used [0x00000000fd980000,0x00000000fd980000,0x00000000fe800000)
 ParOldGen       total 175104K, used 13610K [0x00000000e0000000, 0x00000000eab00000, 0x00000000f5580000)
  object space 175104K, 7% used [0x00000000e0000000,0x00000000e0d4ab40,0x00000000eab00000)
 Metaspace       used 34575K, capacity 35432K, committed 35496K, reserved 1079296K
  class space    used 4847K, capacity 5109K, committed 5120K, reserved 1048576K
}
Event: 16.941 GC heap before
{Heap before GC invocations=8 (full 2):
 PSYoungGen      total 150528K, used 10352K [0x00000000f5580000, 0x0000000100000000, 0x0000000100000000)
  eden space 135168K, 0% used [0x00000000f5580000,0x00000000f5580000,0x00000000fd980000)
  from space 15360K, 67% used [0x00000000fe800000,0x00000000ff21c2b8,0x00000000ff700000)
  to   space 14848K, 0% used [0x00000000fd980000,0x00000000fd980000,0x00000000fe800000)
 ParOldGen       total 175104K, used 13610K [0x00000000e0000000, 0x00000000eab00000, 0x00000000f5580000)
  object space 175104K, 7% used [0x00000000e0000000,0x00000000e0d4ab40,0x00000000eab00000)
 Metaspace       used 34575K, capacity 35432K, committed 35496K, reserved 1079296K
  class space    used 4847K, capacity 5109K, committed 5120K, reserved 1048576K

